<?xml version="1.0" encoding="UTF-8"?>
<!-- Generated by org.testng.reporters.JUnitReportReporter -->
<testsuite hostname="BILLA" failures="0" tests="1" name="MyCvApplication.CV_test" time="0.007" errors="0" timestamp="2025-10-19T18:05:28 IST" skipped="0">
  <testcase classname="MyCvApplication.CV_test" name="display_cv" time="0.007"/>
  <system-out/>
</testsuite> <!-- MyCvApplication.CV_test -->
