<?xml version="1.0" encoding="UTF-8"?>
<!-- Generated by org.testng.reporters.JUnitReportReporter -->
<testsuite hostname="BILLA" failures="0" tests="1" name="MyCvApplication.MyCvApplication" time="0.010" errors="0" timestamp="2025-10-19T18:09:22 IST" skipped="0">
  <testcase classname="MyCvApplication.MyCvApplication" name="display_cv" time="0.010"/>
  <system-out/>
</testsuite> <!-- MyCvApplication.MyCvApplication -->
