<?xml version="1.0" encoding="UTF-8"?>
<!-- Generated by org.testng.reporters.JUnitReportReporter -->
<testsuite hostname="BILLA" failures="0" tests="1" name="cv_test.CV_test" time="0.011" errors="0" timestamp="2025-10-19T17:53:24 IST" skipped="0">
  <testcase classname="cv_test.CV_test" name="display_cv" time="0.011"/>
  <system-out/>
</testsuite> <!-- cv_test.CV_test -->
